<component name="libraryTable">
  <library name="JUnit5.7.0">
    <CLASSES>
      <root url="jar://$USER_HOME$/Downloads/libforTest/junit-jupiter-5.7.0.jar!/" />
      <root url="jar://$USER_HOME$/Downloads/libforTest/junit-jupiter-api-5.7.0.jar!/" />
      <root url="jar://$USER_HOME$/Downloads/libforTest/apiguardian-api-1.1.0.jar!/" />
      <root url="jar://$USER_HOME$/Downloads/libforTest/opentest4j-1.2.0.jar!/" />
      <root url="jar://$USER_HOME$/Downloads/libforTest/junit-platform-commons-1.7.0.jar!/" />
      <root url="jar://$USER_HOME$/Downloads/libforTest/junit-jupiter-params-5.7.0.jar!/" />
      <root url="jar://$USER_HOME$/Downloads/libforTest/junit-jupiter-engine-5.7.0.jar!/" />
      <root url="jar://$USER_HOME$/Downloads/libforTest/junit-platform-engine-1.7.0.jar!/" />
    </CLASSES>
    <JAVADOC />
    <SOURCES />
  </library>
</component>